
## Installing the NodeSource Node.js 11.x repo...


## Populating apt-get cache...

+ apt-get update
Hit:1 http://archive.ubuntu.com/ubuntu bionic InRelease
Get:2 http://archive.ubuntu.com/ubuntu bionic-security InRelease [88.7 kB]
Hit:3 http://archive.ubuntu.com/ubuntu bionic-updates InRelease
Fetched 88.7 kB in 2s (42.3 kB/s)
Reading package lists...

## Confirming "bionic" is supported...

+ curl -sLf -o /dev/null 'https://deb.nodesource.com/node_11.x/dists/bionic/Release'

## Adding the NodeSource signing key to your keyring...

+ curl -s https://deb.nodesource.com/gpgkey/nodesource.gpg.key | apt-key add -
Warning: apt-key output should not be parsed (stdout is not a terminal)
OK

## Creating apt sources list file for the NodeSource Node.js 11.x repo...

+ echo 'deb https://deb.nodesource.com/node_11.x bionic main' > /etc/apt/sources.list.d/nodesource.list
+ echo 'deb-src https://deb.nodesource.com/node_11.x bionic main' >> /etc/apt/sources.list.d/nodesource.list

## Running `apt-get update` for you...

+ apt-get update
Get:1 https://deb.nodesource.com/node_11.x bionic InRelease [4,611 B]
Hit:2 http://archive.ubuntu.com/ubuntu bionic InRelease
Get:3 https://deb.nodesource.com/node_11.x bionic/main amd64 Packages [765 B]
Get:4 http://archive.ubuntu.com/ubuntu bionic-security InRelease [88.7 kB]
Hit:5 http://archive.ubuntu.com/ubuntu bionic-updates InRelease
Fetched 94.1 kB in 1s (74.5 kB/s)
Reading package lists...

## Run `sudo apt-get install -y nodejs` to install Node.js 11.x and npm
## You may also need development tools to build native addons:
     sudo apt-get install gcc g++ make
## To install the Yarn package manager, run:
     curl -sL https://dl.yarnpkg.com/debian/pubkey.gpg | sudo apt-key add -
     echo "deb https://dl.yarnpkg.com/debian/ stable main" | sudo tee /etc/apt/sources.list.d/yarn.list
     sudo apt-get update && sudo apt-get install yarn



## Installing the NodeSource Node.js 11.x repo...


## Populating apt-get cache...

+ apt-get update
Hit:1 http://archive.ubuntu.com/ubuntu bionic InRelease
Hit:2 http://archive.ubuntu.com/ubuntu bionic-security InRelease
Hit:3 http://archive.ubuntu.com/ubuntu bionic-updates InRelease
Reading package lists...

## Confirming "bionic" is supported...

+ curl -sLf -o /dev/null 'https://deb.nodesource.com/node_11.x/dists/bionic/Release'

## Adding the NodeSource signing key to your keyring...

+ curl -s https://deb.nodesource.com/gpgkey/nodesource.gpg.key | apt-key add -
Warning: apt-key output should not be parsed (stdout is not a terminal)
OK

## Creating apt sources list file for the NodeSource Node.js 11.x repo...

+ echo 'deb https://deb.nodesource.com/node_11.x bionic main' > /etc/apt/sources.list.d/nodesource.list
+ echo 'deb-src https://deb.nodesource.com/node_11.x bionic main' >> /etc/apt/sources.list.d/nodesource.list

## Running `apt-get update` for you...

+ apt-get update
Get:1 https://deb.nodesource.com/node_11.x bionic InRelease [4,584 B]
Hit:2 http://archive.ubuntu.com/ubuntu bionic InRelease
Get:3 https://deb.nodesource.com/node_11.x bionic/main amd64 Packages [766 B]
Hit:4 http://archive.ubuntu.com/ubuntu bionic-security InRelease
Hit:5 http://archive.ubuntu.com/ubuntu bionic-updates InRelease
Fetched 5,350 B in 1s (9,100 B/s)
Reading package lists...

## Run `sudo apt-get install -y nodejs` to install Node.js 11.x and npm
## You may also need development tools to build native addons:
     sudo apt-get install gcc g++ make
## To install the Yarn package manager, run:
     curl -sL https://dl.yarnpkg.com/debian/pubkey.gpg | sudo apt-key add -
     echo "deb https://dl.yarnpkg.com/debian/ stable main" | sudo tee /etc/apt/sources.list.d/yarn.list
     sudo apt-get update && sudo apt-get install yarn


